<?xml version="1.0" encoding="UTF-8"?>
<testsuite name="com.tddacademy.zoo.controller.ZooControllerTest" tests="1" skipped="0" failures="0" errors="0" timestamp="2025-07-22T08:38:57" hostname="GXCHLAP00716.local" time="0.383">
  <properties/>
  <testcase name="GET /api/zoos/{id} should return 404 when zoo does not exist" classname="com.tddacademy.zoo.controller.ZooControllerTest" time="0.383"/>
  <system-out><![CDATA[16:38:57.415 [Test worker] INFO org.springframework.test.context.support.AnnotationConfigContextLoaderUtils -- Could not detect default configuration classes for test class [com.tddacademy.zoo.controller.ZooControllerTest]: ZooControllerTest does not declare any static, non-private, non-final, nested classes annotated with @Configuration.
16:38:57.456 [Test worker] INFO org.springframework.boot.test.context.SpringBootTestContextBootstrapper -- Found @SpringBootConfiguration com.tddacademy.zoo.ZooApplication for test class com.tddacademy.zoo.controller.ZooControllerTest

  .   ____          _            __ _ _
 /\\ / ___'_ __ _ _(_)_ __  __ _ \ \ \ \
( ( )\___ | '_ | '_| | '_ \/ _` | \ \ \ \
 \\/  ___)| |_)| | | | | || (_| |  ) ) ) )
  '  |____| .__|_| |_|_| |_\__, | / / / /
 =========|_|==============|___/=/_/_/_/

 :: Spring Boot ::                (v3.5.3)

2025-07-22T16:38:57.578+08:00  INFO 22030 --- [zoo-simulator-lab1.5] [    Test worker] c.t.zoo.controller.ZooControllerTest     : Starting ZooControllerTest using Java 21.0.7 with PID 22030 (started by mckevin.aranda in /Users/mckevin.aranda/Documents/SpringBoot/cloudschool-tdd-academy/lab1.5)
2025-07-22T16:38:57.579+08:00  INFO 22030 --- [zoo-simulator-lab1.5] [    Test worker] c.t.zoo.controller.ZooControllerTest     : No active profile set, falling back to 1 default profile: "default"
2025-07-22T16:38:57.893+08:00  INFO 22030 --- [zoo-simulator-lab1.5] [    Test worker] o.s.b.t.m.w.SpringBootMockServletContext : Initializing Spring TestDispatcherServlet ''
2025-07-22T16:38:57.893+08:00  INFO 22030 --- [zoo-simulator-lab1.5] [    Test worker] o.s.t.web.servlet.TestDispatcherServlet  : Initializing Servlet ''
2025-07-22T16:38:57.894+08:00  INFO 22030 --- [zoo-simulator-lab1.5] [    Test worker] o.s.t.web.servlet.TestDispatcherServlet  : Completed initialization in 1 ms
2025-07-22T16:38:57.905+08:00  INFO 22030 --- [zoo-simulator-lab1.5] [    Test worker] c.t.zoo.controller.ZooControllerTest     : Started ZooControllerTest in 0.409 seconds (process running for 0.803)
]]></system-out>
  <system-err><![CDATA[Mockito is currently self-attaching to enable the inline-mock-maker. This will no longer work in future releases of the JDK. Please add Mockito as an agent to your build as described in Mockito's documentation: https://javadoc.io/doc/org.mockito/mockito-core/latest/org.mockito/org/mockito/Mockito.html#0.3
WARNING: A Java agent has been loaded dynamically (/Users/mckevin.aranda/.gradle/caches/modules-2/files-2.1/net.bytebuddy/byte-buddy-agent/1.17.6/17b32fd9f57deef02842f7f05abc4ad8127fe34e/byte-buddy-agent-1.17.6.jar)
WARNING: If a serviceability tool is in use, please run with -XX:+EnableDynamicAgentLoading to hide this warning
WARNING: If a serviceability tool is not in use, please run with -Djdk.instrument.traceUsage for more information
WARNING: Dynamic loading of agents will be disallowed by default in a future release
]]></system-err>
</testsuite>
