<?xml version="1.0" encoding="UTF-8"?>
<testsuite name="com.tddacademy.zoo.model.PersonTest" tests="1" skipped="0" failures="0" errors="0" timestamp="2025-07-22T08:04:40" hostname="GXCHLAP00716.local" time="0.007">
  <properties/>
  <testcase name="Should throw exception when person salary is zero" classname="com.tddacademy.zoo.model.PersonTest" time="0.007"/>
  <system-out><![CDATA[]]></system-out>
  <system-err><![CDATA[]]></system-err>
</testsuite>
